<?xml version="1.0" encoding="UTF-8"?>
<testng-results ignored="0" total="1" passed="1" failed="0" skipped="0">
  <reporter-output>
  </reporter-output>
  <suite started-at="2024-04-04T09:35:08 IST" name="Default suite" finished-at="2024-04-04T09:38:44 IST" duration-ms="216364">
    <groups>
    </groups>
    <test started-at="2024-04-04T09:35:08 IST" name="Default test" finished-at="2024-04-04T09:38:44 IST" duration-ms="216364">
      <class name="testpkg.Aryatest">
        <test-method is-config="true" signature="setup()[pri:0, instance:testpkg.Aryatest@3646a422]" started-at="2024-04-04T09:35:08 IST" name="setup" finished-at="2024-04-04T09:35:36 IST" duration-ms="27951" status="PASS">
          <reporter-output>
          </reporter-output>
        </test-method> <!-- setup -->
        <test-method signature="test()[pri:0, instance:testpkg.Aryatest@3646a422]" started-at="2024-04-04T09:35:36 IST" name="test" finished-at="2024-04-04T09:38:44 IST" duration-ms="188223" status="PASS">
          <reporter-output>
          </reporter-output>
        </test-method> <!-- test -->
        <test-method is-config="true" signature="teardown()[pri:0, instance:testpkg.Aryatest@3646a422]" started-at="2024-04-04T09:38:44 IST" name="teardown" finished-at="2024-04-04T09:38:44 IST" duration-ms="2" status="PASS">
          <reporter-output>
          </reporter-output>
        </test-method> <!-- teardown -->
      </class> <!-- testpkg.Aryatest -->
    </test> <!-- Default test -->
  </suite> <!-- Default suite -->
</testng-results>
